#Score: 0.94117
#Public score: 0.90342
# %% [code]
# Устанавливаем нужные версии
!pip install lightgbm==4.5.0 optuna==4.2.1 scikit-learn==1.6.1

# %% [code]
import pandas as pd
import numpy as np
import glob
import json
from tqdm import tqdm
from pathlib import Path
import re
from collections import Counter
import math
import warnings

from sklearn.model_selection import train_test_split, StratifiedKFold
from sklearn.preprocessing import StandardScaler, OneHotEncoder
from sklearn.feature_extraction.text import TfidfVectorizer
from sklearn.compose import ColumnTransformer
from sklearn.pipeline import make_pipeline
from sklearn.impute import SimpleImputer
from sklearn.metrics import precision_recall_curve, classification_report, f1_score

import lightgbm as lgb
import optuna

warnings.filterwarnings("ignore")

# %% [code]
class Config:
    BASE_PATH = '/kaggle/input/datasets/voffmail2/zipzip/'
    TRAIN_PATH = f"{BASE_PATH}/train"
    TEST_PATH = f"{BASE_PATH}/test"
    
    RANDOM_STATE = 42
    TEST_SIZE = 0.2
    
    CHAR_NGRAM_MIN = 3
    CHAR_NGRAM_MAX = 7
    CHAR_MAX_FEATURES = 5000
    
    WORD_MAX_FEATURES = 1000

# %% [code]
def shannon_entropy(s):
    """Calculates the Shannon entropy of a string."""
    if not s or len(s) == 0:
        return 0
    p, lns = Counter(s), float(len(s))
    return -sum(count / lns * math.log(count / lns, 2) for count in p.values())

def extract_features_from_line(json_line):
    """
    Parses a single JSONL line and extracts a dictionary of features.
    """
    try:
        obj = json.loads(json_line)
        if len(obj) < 3:
            return None
        
        data = obj[2]
        rqs = data.get("rqs", {})
        rsp = data.get("rsp", {})
        
        url = rqs.get("url", "")
        host = rqs.get("host", "")
        
        features = {
            "rqs_method": rqs.get("method", "missing"),
            "rqs_host": host,
            "rqs_user_agent": rqs.get("user-agent", rqs.get("user_agent", "missing")),
            "rqs_url": url,
            "rsp_code": str(rsp.get("code", "missing")),
            "rsp_content_type": rsp.get("content-type", "missing"),
        }
        
        # Numerical URL/Host features
        features["url_len"] = len(url)
        features["host_len"] = len(host)
        features["url_path_depth"] = url.count("/")
        features["url_query_params"] = url.count("?") + url.count("&")
        features["url_entropy"] = shannon_entropy(url)
        features["host_entropy"] = shannon_entropy(host)
        
        # Additional features
        features["url_special_chars"] = len(re.findall(r'[%$&+,\/:;=?@<>#%{}\[\]\\]', url))
        features["url_digits"] = sum(c.isdigit() for c in url)
        features["host_digits"] = sum(c.isdigit() for c in host)
        features["host_is_ip"] = int(bool(re.match(r"^\d{1,3}(\.\d{1,3}){3}$", host)))
        features["ua_len"] = len(features["rqs_user_agent"])
        
        return features
    
    except Exception as e:
        return None

# %% [code]
# Data Splitting
clean_files = glob.glob(f"{Config.TRAIN_PATH}/clean/*.jsonl")
malware_files = glob.glob(f"{Config.TRAIN_PATH}/malware/*.jsonl")

file_data = [(f, 0) for f in clean_files] + [(f, 1) for f in malware_files]
file_df = pd.DataFrame(file_data, columns=["filepath", "label"])

train_files_df, val_files_df = train_test_split(
    file_df,
    test_size=Config.TEST_SIZE,
    random_state=Config.RANDOM_STATE,
    stratify=file_df["label"],
)

print(f"Total files: {len(file_df)}")
print(f"Training files: {len(train_files_df)} (Clean: {len(train_files_df[train_files_df['label']==0])}, Malware: {len(train_files_df[train_files_df['label']==1])})")
print(f"Validation files: {len(val_files_df)} (Clean: {len(val_files_df[val_files_df['label']==0])}, Malware: {len(val_files_df[val_files_df['label']==1])})")

# %% [code]
def load_data_from_files(file_list_df):
    """
    Loads all transactions from a list of files into a DataFrame.
    """
    transaction_data = []
    for _, row in tqdm(file_list_df.iterrows(), total=len(file_list_df), desc="Loading data"):
        filepath = row["filepath"]
        label = row["label"]
        
        try:
            with open(filepath, "r", encoding="utf-8") as f:
                for line in f:
                    features = extract_features_from_line(line)
                    if features:
                        features["label"] = label
                        features["filepath"] = filepath
                        transaction_data.append(features)
        except Exception as e:
            print(f"Error loading {filepath}: {e}")
            continue
    
    return pd.DataFrame(transaction_data)

print("Loading training transactions...")
train_df = load_data_from_files(train_files_df)

y_train = train_df["label"]
X_train = train_df.drop(["label", "filepath"], axis=1)

print(f"\nLoaded {len(train_df)} transactions for training.")
print("Class distribution of transactions:")
print(y_train.value_counts(normalize=True))

# %% [code]
# Feature Preprocessing Pipeline
print("Building preprocessing pipeline...")

numerical_features = [
    'url_len', 'host_len', 'url_path_depth', 'url_query_params', 
    'url_entropy', 'host_entropy', 'url_special_chars', 'url_digits',
    'host_digits', 'ua_len'
]

categorical_features = ['rqs_method', 'rsp_code', 'host_is_ip']

numerical_pipeline = make_pipeline(
    SimpleImputer(strategy='median'),
    StandardScaler()
)

categorical_pipeline = make_pipeline(
    SimpleImputer(strategy='constant', fill_value='missing'),
    OneHotEncoder(handle_unknown='ignore', sparse_output=True)
)

# Char-level TF-IDF на символьных n-граммах
text_char_pipeline = TfidfVectorizer(
    analyzer='char_wb',
    ngram_range=(Config.CHAR_NGRAM_MIN, Config.CHAR_NGRAM_MAX),
    max_features=Config.CHAR_MAX_FEATURES,
    sublinear_tf=True,
    use_idf=True,
    smooth_idf=True
)

text_word_pipeline = TfidfVectorizer(
    analyzer='word',
    ngram_range=(1, 2),
    max_features=Config.WORD_MAX_FEATURES,
    sublinear_tf=True,
    use_idf=True,
    smooth_idf=True
)

preprocessor = ColumnTransformer(
    transformers=[
        ('num', numerical_pipeline, numerical_features),
        ('cat', categorical_pipeline, categorical_features),
        ('tfidf_char_url', text_char_pipeline, 'rqs_url'),
        ('tfidf_char_host', text_char_pipeline, 'rqs_host'),
        ('tfidf_word_ua', text_word_pipeline, 'rqs_user_agent'),
        ('tfidf_word_ct', text_word_pipeline, 'rsp_content_type'),
    ],
    remainder='drop',
    n_jobs=-1
)

print("Pipeline built successfully.")

# %% [code]
print("Fitting preprocessing pipeline on X_train...")
X_train_transformed = preprocessor.fit_transform(X_train)
print(f"Training data transformed. Shape: {X_train_transformed.shape}")

class_counts = y_train.value_counts()
scale_pos_weight = class_counts[0] / class_counts[1]
print(f"Calculated scale_pos_weight: {scale_pos_weight:.2f}")

# %% [code]
# Оптимизация гиперпараметров с помощью Optuna
def objective(trial):
    params = {
        'random_state': Config.RANDOM_STATE,
        'n_estimators': trial.suggest_int('n_estimators', 100, 500),
        'learning_rate': trial.suggest_float('learning_rate', 0.01, 0.2, log=True),
        'num_leaves': trial.suggest_int('num_leaves', 15, 127),
        'max_depth': trial.suggest_int('max_depth', 5, 15),
        'min_child_samples': trial.suggest_int('min_child_samples', 5, 50),
        'subsample': trial.suggest_float('subsample', 0.6, 1.0),
        'colsample_bytree': trial.suggest_float('colsample_bytree', 0.6, 1.0),
        'reg_alpha': trial.suggest_float('reg_alpha', 0.0, 1.0),
        'reg_lambda': trial.suggest_float('reg_lambda', 0.0, 1.0),
        'scale_pos_weight': scale_pos_weight,
        'n_jobs': -1,
        'verbosity': -1
    }
    
    # Кросс-валидация на 3 фолдах
    skf = StratifiedKFold(n_splits=3, shuffle=True, random_state=Config.RANDOM_STATE)
    cv_scores = []
    
    for train_idx, val_idx in skf.split(X_train_transformed, y_train):
        X_tr = X_train_transformed[train_idx]
        X_va = X_train_transformed[val_idx]
        y_tr = y_train.iloc[train_idx]
        y_va = y_train.iloc[val_idx]
        
        model = lgb.LGBMClassifier(**params)
        model.fit(
            X_tr, y_tr,
            eval_set=[(X_va, y_va)],
            callbacks=[lgb.early_stopping(50), lgb.log_evaluation(0)]
        )
        
        preds = model.predict_proba(X_va)[:, 1]
        preds_binary = (preds >= 0.5).astype(int)
        cv_scores.append(f1_score(y_va, preds_binary))
    
    return np.mean(cv_scores)

print("Running hyperparameter optimization...")
study = optuna.create_study(direction='maximize', sampler=optuna.samplers.TPESampler(seed=Config.RANDOM_STATE))
study.optimize(objective, n_trials=20, show_progress_bar=True)

print(f"\nBest parameters: {study.best_params}")
print(f"Best CV F1: {study.best_value:.4f}")

# %% [code]
# Train final model with best parameters
best_params = study.best_params
best_params.update({
    'random_state': Config.RANDOM_STATE,
    'scale_pos_weight': scale_pos_weight,
    'n_jobs': -1,
    'verbosity': -1
})

model = lgb.LGBMClassifier(**best_params)
model.fit(X_train_transformed, y_train)

# %% [code]
def predict_file_max_proba(filepath, preprocessor, model):
    """
    Loads, parses, transforms, and predicts probabilities for all transactions
    in a single file. Returns the MAX probability.
    """
    transactions_data = []
    try:
        with open(filepath, "r", encoding="utf-8") as f:
            for line in f:
                features = extract_features_from_line(line)
                if features:
                    transactions_data.append(features)
    except Exception as e:
        print(f"Error processing {filepath}: {e}")
        return 0.0
    
    if not transactions_data:
        return 0.0
    
    file_df = pd.DataFrame(transactions_data)
    file_transformed = preprocessor.transform(file_df)
    
    probs = model.predict_proba(file_transformed)[:, 1]
    return np.max(probs)

print("Evaluating model on validation files...")

val_scores = []
val_true_labels = []

for _, row in tqdm(val_files_df.iterrows(), total=len(val_files_df), desc="Validating"):
    filepath = row["filepath"]
    true_label = row["label"]
    
    max_proba = predict_file_max_proba(filepath, preprocessor, model)
    
    val_scores.append(max_proba)
    val_true_labels.append(true_label)

print("Validation complete.")

# %% [code]
# Find the best threshold
precision, recall, thresholds = precision_recall_curve(val_true_labels, val_scores)
f1_scores = (2 * precision * recall) / (precision + recall + 1e-9)

# Find the best (excluding last element which is 0)
best_f1_idx = np.argmax(f1_scores[:-1])
best_f1 = f1_scores[best_f1_idx]
best_threshold = thresholds[best_f1_idx]

print(f"\nValidation Results")
print(f"Best File-Level F1 Score: {best_f1:.4f}")
print(f"Best Probability Threshold: {best_threshold:.4f}")

# Print classification report at the best threshold
val_preds = (np.array(val_scores) >= best_threshold).astype(int)
print("\nClassification Report at Best Threshold:")
print(classification_report(val_true_labels, val_preds, target_names=["Clean (0)", "Malware (1)"]))

# %% [code]
print("\nGenerating test predictions...")
test_files = glob.glob(f"{Config.TEST_PATH}/*.jsonl")
submission = []

for filepath in tqdm(test_files, desc="Predicting on test set"):
    file_id = Path(filepath).stem
    file_max_proba = predict_file_max_proba(filepath, preprocessor, model)
    prediction = 1 if file_max_proba >= best_threshold else 0
    submission.append({'id': file_id, 'target': prediction})

submission_df = pd.DataFrame(submission)
submission_df.to_csv('submission.csv', index=False)

print("\nSubmission file created successfully!")
print(submission_df.head())
print("\nPredicted class distribution in test set:")
print(submission_df['target'].value_counts(normalize=True))

# %% [code]
print(f"\n=== FINAL RESULTS ===")
print(f"Validation F1: {best_f1:.4f}")
print(f"Threshold: {best_threshold:.4f}")
print(f"Test predictions - Malware: {submission_df['target'].sum()} out of {len(submission_df)} ({submission_df['target'].mean()*100:.1f}%)")
Collecting lightgbm==4.5.0
  Downloading lightgbm-4.5.0-py3-none-manylinux_2_28_x86_64.whl.metadata (17 kB)
Collecting optuna==4.2.1
  Downloading optuna-4.2.1-py3-none-any.whl.metadata (17 kB)
Requirement already satisfied: scikit-learn==1.6.1 in /usr/local/lib/python3.12/dist-packages (1.6.1)
Requirement already satisfied: numpy>=1.17.0 in /usr/local/lib/python3.12/dist-packages (from lightgbm==4.5.0) (2.0.2)
Requirement already satisfied: scipy in /usr/local/lib/python3.12/dist-packages (from lightgbm==4.5.0) (1.16.3)
Requirement already satisfied: alembic>=1.5.0 in /usr/local/lib/python3.12/dist-packages (from optuna==4.2.1) (1.18.1)
Requirement already satisfied: colorlog in /usr/local/lib/python3.12/dist-packages (from optuna==4.2.1) (6.10.1)
Requirement already satisfied: packaging>=20.0 in /usr/local/lib/python3.12/dist-packages (from optuna==4.2.1) (25.0)
Requirement already satisfied: sqlalchemy>=1.4.2 in /usr/local/lib/python3.12/dist-packages (from optuna==4.2.1) (2.0.45)
Requirement already satisfied: tqdm in /usr/local/lib/python3.12/dist-packages (from optuna==4.2.1) (4.67.1)
Requirement already satisfied: PyYAML in /usr/local/lib/python3.12/dist-packages (from optuna==4.2.1) (6.0.3)
Requirement already satisfied: joblib>=1.2.0 in /usr/local/lib/python3.12/dist-packages (from scikit-learn==1.6.1) (1.5.3)
Requirement already satisfied: threadpoolctl>=3.1.0 in /usr/local/lib/python3.12/dist-packages (from scikit-learn==1.6.1) (3.6.0)
Requirement already satisfied: Mako in /usr/local/lib/python3.12/dist-packages (from alembic>=1.5.0->optuna==4.2.1) (1.3.10)
Requirement already satisfied: typing-extensions>=4.12 in /usr/local/lib/python3.12/dist-packages (from alembic>=1.5.0->optuna==4.2.1) (4.15.0)
Requirement already satisfied: greenlet>=1 in /usr/local/lib/python3.12/dist-packages (from sqlalchemy>=1.4.2->optuna==4.2.1) (3.3.0)
Requirement already satisfied: MarkupSafe>=0.9.2 in /usr/local/lib/python3.12/dist-packages (from Mako->alembic>=1.5.0->optuna==4.2.1) (3.0.3)
Downloading lightgbm-4.5.0-py3-none-manylinux_2_28_x86_64.whl (3.6 MB)
   ━━━━━━━━━━━━━━━━━━━━━━━━━━━━━━━━━━━━━━━━ 3.6/3.6 MB 31.6 MB/s eta 0:00:00
Downloading optuna-4.2.1-py3-none-any.whl (383 kB)
   ━━━━━━━━━━━━━━━━━━━━━━━━━━━━━━━━━━━━━━━━ 383.6/383.6 kB 18.3 MB/s eta 0:00:00
Installing collected packages: lightgbm, optuna
  Attempting uninstall: lightgbm
    Found existing installation: lightgbm 4.6.0
    Uninstalling lightgbm-4.6.0:
      Successfully uninstalled lightgbm-4.6.0
  Attempting uninstall: optuna
    Found existing installation: optuna 4.7.0
    Uninstalling optuna-4.7.0:
      Successfully uninstalled optuna-4.7.0
Successfully installed lightgbm-4.5.0 optuna-4.2.1
Total files: 4435
Training files: 3548 (Clean: 2735, Malware: 813)
Validation files: 887 (Clean: 684, Malware: 203)
Loading training transactions...
Loading data: 100%|██████████| 3548/3548 [00:19<00:00, 177.56it/s]
Loaded 10424 transactions for training.
Class distribution of transactions:
label
0    0.604566
1    0.395434
Name: proportion, dtype: float64
Building preprocessing pipeline...
Pipeline built successfully.
Fitting preprocessing pipeline on X_train...
[I 2026-03-16 12:02:13,375] A new study created in memory with name: no-name-1908a07e-1baa-4d86-afaa-5a0cecb0ccb7
Training data transformed. Shape: (10424, 11262)
Calculated scale_pos_weight: 1.53
Running hyperparameter optimization...
Training until validation scores don't improve for 50 rounds
Early stopping, best iteration is:
[76]	valid_0's binary_logloss: 0.234719
Training until validation scores don't improve for 50 rounds
Early stopping, best iteration is:
[82]	valid_0's binary_logloss: 0.229615
Training until validation scores don't improve for 50 rounds
Early stopping, best iteration is:
[52]	valid_0's binary_logloss: 0.241467
[I 2026-03-16 12:02:51,618] Trial 0 finished with value: 0.8927133253222107 and parameters: {'n_estimators': 250, 'learning_rate': 0.17254716573280354, 'num_leaves': 97, 'max_depth': 11, 'min_child_samples': 12, 'subsample': 0.662397808134481, 'colsample_bytree': 0.6232334448672797, 'reg_alpha': 0.8661761457749352, 'reg_lambda': 0.6011150117432088}. Best is trial 0 with value: 0.8927133253222107.
Training until validation scores don't improve for 50 rounds
Did not meet early stopping. Best iteration is:
[383]	valid_0's binary_logloss: 0.238398
Training until validation scores don't improve for 50 rounds
Did not meet early stopping. Best iteration is:
[383]	valid_0's binary_logloss: 0.232658
Training until validation scores don't improve for 50 rounds
Did not meet early stopping. Best iteration is:
[383]	valid_0's binary_logloss: 0.245598
[I 2026-03-16 12:05:37,952] Trial 1 finished with value: 0.8930941932264725 and parameters: {'n_estimators': 383, 'learning_rate': 0.010636066512540286, 'num_leaves': 124, 'max_depth': 14, 'min_child_samples': 14, 'subsample': 0.6727299868828402, 'colsample_bytree': 0.6733618039413735, 'reg_alpha': 0.3042422429595377, 'reg_lambda': 0.5247564316322378}. Best is trial 1 with value: 0.8930941932264725.
Training until validation scores don't improve for 50 rounds
Did not meet early stopping. Best iteration is:
[273]	valid_0's binary_logloss: 0.256471
Training until validation scores don't improve for 50 rounds
Did not meet early stopping. Best iteration is:
[273]	valid_0's binary_logloss: 0.253468
Training until validation scores don't improve for 50 rounds
Did not meet early stopping. Best iteration is:
[273]	valid_0's binary_logloss: 0.262651
[I 2026-03-16 12:06:31,199] Trial 2 finished with value: 0.8840730567282673 and parameters: {'n_estimators': 273, 'learning_rate': 0.023927528765580644, 'num_leaves': 84, 'max_depth': 6, 'min_child_samples': 18, 'subsample': 0.7465447373174767, 'colsample_bytree': 0.7824279936868144, 'reg_alpha': 0.7851759613930136, 'reg_lambda': 0.19967378215835974}. Best is trial 1 with value: 0.8930941932264725.
Training until validation scores don't improve for 50 rounds
Did not meet early stopping. Best iteration is:
[271]	valid_0's binary_logloss: 0.238223
Training until validation scores don't improve for 50 rounds
Did not meet early stopping. Best iteration is:
[299]	valid_0's binary_logloss: 0.233323
Training until validation scores don't improve for 50 rounds
Did not meet early stopping. Best iteration is:
[301]	valid_0's binary_logloss: 0.240095
[I 2026-03-16 12:08:05,926] Trial 3 finished with value: 0.8903629089558839 and parameters: {'n_estimators': 306, 'learning_rate': 0.05898602410432694, 'num_leaves': 20, 'max_depth': 11, 'min_child_samples': 12, 'subsample': 0.6260206371941118, 'colsample_bytree': 0.9795542149013333, 'reg_alpha': 0.9656320330745594, 'reg_lambda': 0.8083973481164611}. Best is trial 1 with value: 0.8930941932264725.
Training until validation scores don't improve for 50 rounds
Did not meet early stopping. Best iteration is:
[222]	valid_0's binary_logloss: 0.255072
Training until validation scores don't improve for 50 rounds
Did not meet early stopping. Best iteration is:
[222]	valid_0's binary_logloss: 0.25136
Training until validation scores don't improve for 50 rounds
Did not meet early stopping. Best iteration is:
[222]	valid_0's binary_logloss: 0.260112
[I 2026-03-16 12:09:16,063] Trial 4 finished with value: 0.8914957855623769 and parameters: {'n_estimators': 222, 'learning_rate': 0.013399060561509796, 'num_leaves': 92, 'max_depth': 9, 'min_child_samples': 10, 'subsample': 0.798070764044508, 'colsample_bytree': 0.6137554084460873, 'reg_alpha': 0.9093204020787821, 'reg_lambda': 0.2587799816000169}. Best is trial 1 with value: 0.8930941932264725.
Training until validation scores don't improve for 50 rounds
Did not meet early stopping. Best iteration is:
[363]	valid_0's binary_logloss: 0.23547
Training until validation scores don't improve for 50 rounds
Did not meet early stopping. Best iteration is:
[364]	valid_0's binary_logloss: 0.231113
Training until validation scores don't improve for 50 rounds
Did not meet early stopping. Best iteration is:
[363]	valid_0's binary_logloss: 0.243762
[I 2026-03-16 12:11:21,020] Trial 5 finished with value: 0.8919841717340883 and parameters: {'n_estimators': 365, 'learning_rate': 0.02544166090938368, 'num_leaves': 73, 'max_depth': 11, 'min_child_samples': 13, 'subsample': 0.9878338511058234, 'colsample_bytree': 0.9100531293444458, 'reg_alpha': 0.9394989415641891, 'reg_lambda': 0.8948273504276488}. Best is trial 1 with value: 0.8930941932264725.
Training until validation scores don't improve for 50 rounds
Early stopping, best iteration is:
[131]	valid_0's binary_logloss: 0.240517
Training until validation scores don't improve for 50 rounds
Early stopping, best iteration is:
[196]	valid_0's binary_logloss: 0.233877
Training until validation scores don't improve for 50 rounds
Early stopping, best iteration is:
[140]	valid_0's binary_logloss: 0.241671
