[I 2026-03-16 12:12:03,979] Trial 6 finished with value: 0.8895895692768022 and parameters: {'n_estimators': 339, 'learning_rate': 0.15826541904647565, 'num_leaves': 24, 'max_depth': 7, 'min_child_samples': 7, 'subsample': 0.7301321323053057, 'colsample_bytree': 0.7554709158757928, 'reg_alpha': 0.2713490317738959, 'reg_lambda': 0.8287375091519293}. Best is trial 1 with value: 0.8930941932264725.
Training until validation scores don't improve for 50 rounds
Did not meet early stopping. Best iteration is:
[243]	valid_0's binary_logloss: 0.268428
Training until validation scores don't improve for 50 rounds
Did not meet early stopping. Best iteration is:
[243]	valid_0's binary_logloss: 0.265958
Training until validation scores don't improve for 50 rounds
Did not meet early stopping. Best iteration is:
[243]	valid_0's binary_logloss: 0.275044
[I 2026-03-16 12:12:49,078] Trial 7 finished with value: 0.8766265081842608 and parameters: {'n_estimators': 243, 'learning_rate': 0.023200867504756827, 'num_leaves': 76, 'max_depth': 6, 'min_child_samples': 41, 'subsample': 0.6298202574719083, 'colsample_bytree': 0.9947547746402069, 'reg_alpha': 0.7722447692966574, 'reg_lambda': 0.1987156815341724}. Best is trial 1 with value: 0.8930941932264725.
Training until validation scores don't improve for 50 rounds
Did not meet early stopping. Best iteration is:
[102]	valid_0's binary_logloss: 0.239775
Training until validation scores don't improve for 50 rounds
Did not meet early stopping. Best iteration is:
[100]	valid_0's binary_logloss: 0.23715
Training until validation scores don't improve for 50 rounds
Did not meet early stopping. Best iteration is:
[92]	valid_0's binary_logloss: 0.246499
[I 2026-03-16 12:13:20,416] Trial 8 finished with value: 0.8883087517320738 and parameters: {'n_estimators': 102, 'learning_rate': 0.11506408247250169, 'num_leaves': 94, 'max_depth': 13, 'min_child_samples': 40, 'subsample': 0.6296178606936361, 'colsample_bytree': 0.7433862914177091, 'reg_alpha': 0.11586905952512971, 'reg_lambda': 0.8631034258755935}. Best is trial 1 with value: 0.8930941932264725.
Training until validation scores don't improve for 50 rounds
Did not meet early stopping. Best iteration is:
[349]	valid_0's binary_logloss: 0.2461
Training until validation scores don't improve for 50 rounds
Did not meet early stopping. Best iteration is:
[349]	valid_0's binary_logloss: 0.242106
Training until validation scores don't improve for 50 rounds
Did not meet early stopping. Best iteration is:
[349]	valid_0's binary_logloss: 0.252023
[I 2026-03-16 12:14:39,159] Trial 9 finished with value: 0.8855833172429607 and parameters: {'n_estimators': 349, 'learning_rate': 0.026946865572417687, 'num_leaves': 22, 'max_depth': 8, 'min_child_samples': 19, 'subsample': 0.8918424713352255, 'colsample_bytree': 0.8550229885420852, 'reg_alpha': 0.8872127425763265, 'reg_lambda': 0.4722149251619493}. Best is trial 1 with value: 0.8930941932264725.
Training until validation scores don't improve for 50 rounds
Did not meet early stopping. Best iteration is:
[488]	valid_0's binary_logloss: 0.240978
Training until validation scores don't improve for 50 rounds
Did not meet early stopping. Best iteration is:
[488]	valid_0's binary_logloss: 0.235815
Training until validation scores don't improve for 50 rounds
Did not meet early stopping. Best iteration is:
[488]	valid_0's binary_logloss: 0.24746
[I 2026-03-16 12:17:34,567] Trial 10 finished with value: 0.8907292839916616 and parameters: {'n_estimators': 488, 'learning_rate': 0.010181283131439633, 'num_leaves': 124, 'max_depth': 15, 'min_child_samples': 29, 'subsample': 0.876098829427658, 'colsample_bytree': 0.7021773835060796, 'reg_alpha': 0.4040260720186447, 'reg_lambda': 0.4792951727359478}. Best is trial 1 with value: 0.8930941932264725.
Training until validation scores don't improve for 50 rounds
Early stopping, best iteration is:
[182]	valid_0's binary_logloss: 0.235384
Training until validation scores don't improve for 50 rounds
Early stopping, best iteration is:
[148]	valid_0's binary_logloss: 0.232949
Training until validation scores don't improve for 50 rounds
Early stopping, best iteration is:
[146]	valid_0's binary_logloss: 0.242691
[I 2026-03-16 12:18:38,480] Trial 11 finished with value: 0.8909523485131912 and parameters: {'n_estimators': 432, 'learning_rate': 0.06576314691863702, 'num_leaves': 124, 'max_depth': 14, 'min_child_samples': 27, 'subsample': 0.7027926946274412, 'colsample_bytree': 0.6088140052901209, 'reg_alpha': 0.5732909776512289, 'reg_lambda': 0.6214581347996626}. Best is trial 1 with value: 0.8930941932264725.
Training until validation scores don't improve for 50 rounds
Early stopping, best iteration is:
[123]	valid_0's binary_logloss: 0.235079
Training until validation scores don't improve for 50 rounds
Early stopping, best iteration is:
[122]	valid_0's binary_logloss: 0.231924
Training until validation scores don't improve for 50 rounds
Early stopping, best iteration is:
[115]	valid_0's binary_logloss: 0.2445
[I 2026-03-16 12:19:25,761] Trial 12 finished with value: 0.8907006981454053 and parameters: {'n_estimators': 178, 'learning_rate': 0.0964724775767875, 'num_leaves': 107, 'max_depth': 12, 'min_child_samples': 26, 'subsample': 0.7094975278484695, 'colsample_bytree': 0.6519024779001302, 'reg_alpha': 0.534810906725929, 'reg_lambda': 0.6213584113974261}. Best is trial 1 with value: 0.8930941932264725.
Training until validation scores don't improve for 50 rounds
Early stopping, best iteration is:
[41]	valid_0's binary_logloss: 0.235451
Training until validation scores don't improve for 50 rounds
Early stopping, best iteration is:
[56]	valid_0's binary_logloss: 0.229926
Training until validation scores don't improve for 50 rounds
Early stopping, best iteration is:
[36]	valid_0's binary_logloss: 0.243984
[I 2026-03-16 12:20:06,762] Trial 13 finished with value: 0.8904127871046857 and parameters: {'n_estimators': 434, 'learning_rate': 0.1893571899699074, 'num_leaves': 46, 'max_depth': 15, 'min_child_samples': 5, 'subsample': 0.6687912761353554, 'colsample_bytree': 0.6838225832234407, 'reg_alpha': 0.28457419328318867, 'reg_lambda': 0.6446736852680854}. Best is trial 1 with value: 0.8930941932264725.
Training until validation scores don't improve for 50 rounds
Did not meet early stopping. Best iteration is:
[162]	valid_0's binary_logloss: 0.23927
Training until validation scores don't improve for 50 rounds
Did not meet early stopping. Best iteration is:
[163]	valid_0's binary_logloss: 0.236186
Training until validation scores don't improve for 50 rounds
Did not meet early stopping. Best iteration is:
[163]	valid_0's binary_logloss: 0.246022
[I 2026-03-16 12:20:53,800] Trial 14 finished with value: 0.8896593524379073 and parameters: {'n_estimators': 163, 'learning_rate': 0.04428212960646659, 'num_leaves': 109, 'max_depth': 10, 'min_child_samples': 20, 'subsample': 0.7972999597772533, 'colsample_bytree': 0.6808861803604528, 'reg_alpha': 0.689155822984862, 'reg_lambda': 0.36340653237477843}. Best is trial 1 with value: 0.8930941932264725.
Training until validation scores don't improve for 50 rounds
Early stopping, best iteration is:
[275]	valid_0's binary_logloss: 0.237726
Training until validation scores don't improve for 50 rounds
Early stopping, best iteration is:
[292]	valid_0's binary_logloss: 0.233938
Training until validation scores don't improve for 50 rounds
Early stopping, best iteration is:
[208]	valid_0's binary_logloss: 0.24545
[I 2026-03-16 12:22:30,099] Trial 15 finished with value: 0.8879349587234481 and parameters: {'n_estimators': 402, 'learning_rate': 0.04096882022667384, 'num_leaves': 108, 'max_depth': 13, 'min_child_samples': 34, 'subsample': 0.6754523312544428, 'colsample_bytree': 0.8339683742026391, 'reg_alpha': 0.01551038199422694, 'reg_lambda': 0.7158006934880052}. Best is trial 1 with value: 0.8930941932264725.
Training until validation scores don't improve for 50 rounds
Did not meet early stopping. Best iteration is:
[298]	valid_0's binary_logloss: 0.239071
Training until validation scores don't improve for 50 rounds
Did not meet early stopping. Best iteration is:
[298]	valid_0's binary_logloss: 0.235462
Training until validation scores don't improve for 50 rounds
Did not meet early stopping. Best iteration is:
[298]	valid_0's binary_logloss: 0.244403
[I 2026-03-16 12:24:21,602] Trial 16 finished with value: 0.8912908245444607 and parameters: {'n_estimators': 298, 'learning_rate': 0.015384671546585042, 'num_leaves': 53, 'max_depth': 13, 'min_child_samples': 16, 'subsample': 0.608476167897288, 'colsample_bytree': 0.6003946322064901, 'reg_alpha': 0.38876919478638616, 'reg_lambda': 0.013179214380923399}. Best is trial 1 with value: 0.8930941932264725.
Training until validation scores don't improve for 50 rounds
Early stopping, best iteration is:
[154]	valid_0's binary_logloss: 0.236985
Training until validation scores don't improve for 50 rounds
Early stopping, best iteration is:
[155]	valid_0's binary_logloss: 0.234
Training until validation scores don't improve for 50 rounds
Early stopping, best iteration is:
[133]	valid_0's binary_logloss: 0.244746
[I 2026-03-16 12:25:09,920] Trial 17 finished with value: 0.8903151491933237 and parameters: {'n_estimators': 488, 'learning_rate': 0.12172608568363635, 'num_leaves': 114, 'max_depth': 10, 'min_child_samples': 24, 'subsample': 0.7520730905544443, 'colsample_bytree': 0.7194781768749845, 'reg_alpha': 0.2511546236069977, 'reg_lambda': 0.9910985934143602}. Best is trial 1 with value: 0.8930941932264725.
Training until validation scores don't improve for 50 rounds
Early stopping, best iteration is:
[164]	valid_0's binary_logloss: 0.236784
Training until validation scores don't improve for 50 rounds
Did not meet early stopping. Best iteration is:
[173]	valid_0's binary_logloss: 0.233949
Training until validation scores don't improve for 50 rounds
Early stopping, best iteration is:
[155]	valid_0's binary_logloss: 0.241868
[I 2026-03-16 12:26:04,162] Trial 18 finished with value: 0.8907301114510172 and parameters: {'n_estimators': 214, 'learning_rate': 0.07616238948276881, 'num_leaves': 57, 'max_depth': 12, 'min_child_samples': 32, 'subsample': 0.8576893080525665, 'colsample_bytree': 0.6524609827860093, 'reg_alpha': 0.6222947304892602, 'reg_lambda': 0.39929464831880623}. Best is trial 1 with value: 0.8930941932264725.
Training until validation scores don't improve for 50 rounds
Early stopping, best iteration is:
[196]	valid_0's binary_logloss: 0.233403
Training until validation scores don't improve for 50 rounds
Early stopping, best iteration is:
[212]	valid_0's binary_logloss: 0.225732
Training until validation scores don't improve for 50 rounds
Early stopping, best iteration is:
[194]	valid_0's binary_logloss: 0.238915
[I 2026-03-16 12:27:48,124] Trial 19 finished with value: 0.893083241733406 and parameters: {'n_estimators': 389, 'learning_rate': 0.03615581608890232, 'num_leaves': 96, 'max_depth': 14, 'min_child_samples': 8, 'subsample': 0.6693761544549911, 'colsample_bytree': 0.6460577435504019, 'reg_alpha': 0.4314445811066719, 'reg_lambda': 0.572671440144733}. Best is trial 1 with value: 0.8930941932264725.

Best parameters: {'n_estimators': 383, 'learning_rate': 0.010636066512540286, 'num_leaves': 124, 'max_depth': 14, 'min_child_samples': 14, 'subsample': 0.6727299868828402, 'colsample_bytree': 0.6733618039413735, 'reg_alpha': 0.3042422429595377, 'reg_lambda': 0.5247564316322378}
Best CV F1: 0.8931
Evaluating model on validation files...
Validating: 100%|██████████| 887/887 [00:49<00:00, 18.06it/s]
Validation complete.

Validation Results
Best File-Level F1 Score: 0.9363
Best Probability Threshold: 0.7139

Classification Report at Best Threshold:
              precision    recall  f1-score   support

   Clean (0)       0.98      0.98      0.98       684
 Malware (1)       0.93      0.94      0.94       203

    accuracy                           0.97       887
   macro avg       0.96      0.96      0.96       887
weighted avg       0.97      0.97      0.97       887


Generating test predictions...
Predicting on test set: 100%|██████████| 1326/1326 [01:11<00:00, 18.44it/s]
Submission file created successfully!
                                     id  target
0  f038b9d1-1d18-4b41-84f6-d22699d90040       1
1  a42b5c02-b03b-4a1b-ac3e-c99e7a2e0f50       0
2  913b3b86-7378-4248-8407-431069bcf31f       0
3  fe9ede0e-b2c7-4342-b02c-7266cc9be6c2       0
4  d8fa4b70-9267-4c16-a9c4-2fc2762123f6       0

Predicted class distribution in test set:
target
0    0.75641
1    0.24359
Name: proportion, dtype: float64

=== FINAL RESULTS ===
Validation F1: 0.9363
Threshold: 0.7139
Test predictions - Malware: 323 out of 1326 (24.4%)